<?xml version="1.0" encoding="UTF-8"?>
<!-- Generated by org.testng.reporters.JUnitReportReporter -->
<testsuite hostname="INBOOK_X1_SLIM" failures="0" tests="8" name="AlignTogetherTest.AlignTogether" time="20.523" errors="0" timestamp="2024-07-08T19:47:44 IST" skipped="0">
  <testcase classname="AlignTogetherTest.AlignTogether" name="confirmationDone" time="0.646"/>
  <testcase classname="AlignTogetherTest.AlignTogether" name="booking" time="2.496"/>
  <testcase classname="AlignTogetherTest.AlignTogether" name="login" time="0.835"/>
  <testcase classname="AlignTogetherTest.AlignTogether" name="sessionBookingPage" time="0.086"/>
  <testcase classname="AlignTogetherTest.AlignTogether" name="loginCredInput" time="0.257"/>
  <testcase classname="AlignTogetherTest.AlignTogether" name="confirmUserName" time="2.733"/>
  <testcase classname="AlignTogetherTest.AlignTogether" name="loginPageRedirect" time="0.642"/>
  <testcase classname="AlignTogetherTest.AlignTogether" name="invokeBrowser" time="12.828"/>
</testsuite> <!-- AlignTogetherTest.AlignTogether -->
