<?xml version="1.0" encoding="UTF-8"?>
<!-- Generated by org.testng.reporters.JUnitReportReporter -->
<testsuite hostname="INBOOK_X1_SLIM" failures="0" tests="6" name="AlignTogetherTest.AlignTogether" time="17.906" errors="0" timestamp="2024-07-05T08:46:52 IST" skipped="0">
  <testcase classname="AlignTogetherTest.AlignTogether" name="loginPageRedirect" time="0.945"/>
  <testcase classname="AlignTogetherTest.AlignTogether" name="sessionBookingPage" time="0.154"/>
  <testcase classname="AlignTogetherTest.AlignTogether" name="booking" time="2.083"/>
  <testcase classname="AlignTogetherTest.AlignTogether" name="login" time="1.040"/>
  <testcase classname="AlignTogetherTest.AlignTogether" name="loginCredInput" time="0.340"/>
  <testcase classname="AlignTogetherTest.AlignTogether" name="invokeBrowser" time="13.344"/>
</testsuite> <!-- AlignTogetherTest.AlignTogether -->
