<?xml version="1.0" encoding="UTF-8"?>
<!-- Generated by org.testng.reporters.JUnitReportReporter -->
<testsuite hostname="INBOOK_X1_SLIM" failures="0" tests="6" name="AlignTogetherTest.AlignTogether" time="18.392" errors="0" timestamp="2024-07-05T08:57:29 IST" skipped="0">
  <testcase classname="AlignTogetherTest.AlignTogether" name="sessionBookingPage" time="0.141"/>
  <testcase classname="AlignTogetherTest.AlignTogether" name="booking" time="2.050"/>
  <testcase classname="AlignTogetherTest.AlignTogether" name="loginPageRedirect" time="0.705"/>
  <testcase classname="AlignTogetherTest.AlignTogether" name="login" time="0.980"/>
  <testcase classname="AlignTogetherTest.AlignTogether" name="loginCredInput" time="0.469"/>
  <testcase classname="AlignTogetherTest.AlignTogether" name="invokeBrowser" time="14.047"/>
</testsuite> <!-- AlignTogetherTest.AlignTogether -->
