<?xml version="1.0" encoding="UTF-8"?>
<!-- Generated by org.testng.reporters.JUnitReportReporter -->
<testsuite hostname="INBOOK_X1_SLIM" failures="0" tests="7" name="AlignTogetherTest.AlignTogether" time="25.272" errors="0" timestamp="2024-07-07T21:06:29 IST" skipped="0">
  <testcase classname="AlignTogetherTest.AlignTogether" name="booking" time="2.701"/>
  <testcase classname="AlignTogetherTest.AlignTogether" name="loginPageRedirect" time="5.076"/>
  <testcase classname="AlignTogetherTest.AlignTogether" name="login" time="2.135"/>
  <testcase classname="AlignTogetherTest.AlignTogether" name="closeBrowser" time="0.696"/>
  <testcase classname="AlignTogetherTest.AlignTogether" name="sessionBookingPage" time="0.155"/>
  <testcase classname="AlignTogetherTest.AlignTogether" name="loginCredInput" time="0.562"/>
  <testcase classname="AlignTogetherTest.AlignTogether" name="invokeBrowser" time="13.947"/>
</testsuite> <!-- AlignTogetherTest.AlignTogether -->
