<?xml version="1.0" encoding="UTF-8"?>
<!-- Generated by org.testng.reporters.JUnitReportReporter -->
<testsuite hostname="INBOOK_X1_SLIM" failures="0" tests="6" name="AlignTogetherTest.AlignTogether" time="20.887" errors="0" timestamp="2024-07-08T19:12:16 IST" skipped="0">
  <testcase classname="AlignTogetherTest.AlignTogether" name="loginCredInput" time="0.270"/>
  <testcase classname="AlignTogetherTest.AlignTogether" name="sessionBookingPage" time="0.105"/>
  <testcase classname="AlignTogetherTest.AlignTogether" name="loginPageRedirect" time="0.631"/>
  <testcase classname="AlignTogetherTest.AlignTogether" name="booking" time="1.881"/>
  <testcase classname="AlignTogetherTest.AlignTogether" name="login" time="0.952"/>
  <testcase classname="AlignTogetherTest.AlignTogether" name="invokeBrowser" time="17.048"/>
</testsuite> <!-- AlignTogetherTest.AlignTogether -->
