<?xml version="1.0" encoding="UTF-8"?>
<!-- Generated by org.testng.reporters.JUnitReportReporter -->
<testsuite hostname="INBOOK_X1_SLIM" failures="0" tests="6" name="AlignTogetherTest.AlignTogether" time="35.222" errors="0" timestamp="2024-07-13T12:54:53 IST" skipped="0">
  <testcase classname="AlignTogetherTest.AlignTogether" name="booking" time="4.440"/>
  <testcase classname="AlignTogetherTest.AlignTogether" name="sessionBookingPage" time="0.147"/>
  <testcase classname="AlignTogetherTest.AlignTogether" name="loginPageRedirect" time="6.219"/>
  <testcase classname="AlignTogetherTest.AlignTogether" name="login" time="1.666"/>
  <testcase classname="AlignTogetherTest.AlignTogether" name="loginCredInput" time="0.570"/>
  <testcase classname="AlignTogetherTest.AlignTogether" name="invokeBrowser" time="22.180"/>
</testsuite> <!-- AlignTogetherTest.AlignTogether -->
