<?xml version="1.0" encoding="UTF-8"?>
<!-- Generated by org.testng.reporters.JUnitReportReporter -->
<testsuite hostname="INBOOK_X1_SLIM" failures="0" tests="6" name="AlignTogetherTest.AlignTogether" time="21.131" errors="0" timestamp="2024-07-07T21:09:05 IST" skipped="0">
  <testcase classname="AlignTogetherTest.AlignTogether" name="loginCredInput" time="0.492"/>
  <testcase classname="AlignTogetherTest.AlignTogether" name="loginPageRedirect" time="0.912"/>
  <testcase classname="AlignTogetherTest.AlignTogether" name="sessionBookingPage" time="0.140"/>
  <testcase classname="AlignTogetherTest.AlignTogether" name="booking" time="2.541"/>
  <testcase classname="AlignTogetherTest.AlignTogether" name="login" time="1.018"/>
  <testcase classname="AlignTogetherTest.AlignTogether" name="invokeBrowser" time="16.028"/>
</testsuite> <!-- AlignTogetherTest.AlignTogether -->
