<?xml version="1.0" encoding="UTF-8"?>
<!-- Generated by org.testng.reporters.JUnitReportReporter -->
<testsuite hostname="INBOOK_X1_SLIM" failures="0" tests="9" name="AlignTogetherTest.AlignTogether" time="47.331" errors="0" timestamp="2024-08-09T15:52:28 IST" skipped="0">
  <testcase classname="AlignTogetherTest.AlignTogether" name="confirmUserName" time="2.289"/>
  <testcase classname="AlignTogetherTest.AlignTogether" name="loginPageRedirect" time="3.959"/>
  <testcase classname="AlignTogetherTest.AlignTogether" name="closeBrowser" time="18.043"/>
  <testcase classname="AlignTogetherTest.AlignTogether" name="booking" time="2.578"/>
  <testcase classname="AlignTogetherTest.AlignTogether" name="loginCredInput" time="0.676"/>
  <testcase classname="AlignTogetherTest.AlignTogether" name="sessionBookingPage" time="7.750"/>
  <testcase classname="AlignTogetherTest.AlignTogether" name="login" time="6.480"/>
  <testcase classname="AlignTogetherTest.AlignTogether" name="confirmationDone" time="0.850"/>
  <testcase classname="AlignTogetherTest.AlignTogether" name="invokeBrowser" time="4.706"/>
</testsuite> <!-- AlignTogetherTest.AlignTogether -->
